<?xml version="1.0" encoding="UTF-8"?>
<!-- Generated by org.testng.reporters.JUnitReportReporter -->
<testsuite hostname="TeamSaam" failures="0" tests="3" name="com.testng.AlertsEx" time="24.088" errors="0" timestamp="2022-12-22T01:22:55 EST" skipped="0">
  <testcase classname="com.testng.AlertsEx" name="Alerts" time="6.432"/>
  <system-out/>
  <testcase classname="com.testng.AlertsEx" name="Alerts" time="11.247"/>
  <system-out/>
  <testcase classname="com.testng.AlertsEx" name="Alerts" time="6.409"/>
  <system-out/>
</testsuite> <!-- com.testng.AlertsEx -->
