<?xml version="1.0" encoding="UTF-8"?>
<!-- Generated by org.testng.reporters.JUnitReportReporter -->
<testsuite hostname="TeamSaam" failures="0" tests="3" name="com.testng.FramesEx" time="31.929" errors="0" timestamp="2022-12-22T01:22:55 EST" skipped="0">
  <testcase classname="com.testng.FramesEx" name="Frames" time="11.816"/>
  <system-out/>
  <testcase classname="com.testng.FramesEx" name="Frames" time="9.957"/>
  <system-out/>
  <testcase classname="com.testng.FramesEx" name="Frames" time="10.156"/>
  <system-out/>
</testsuite> <!-- com.testng.FramesEx -->
