<?xml version="1.0" encoding="UTF-8"?>
<!-- Generated by org.testng.reporters.JUnitReportReporter -->
<testsuite hostname="TeamSaam" failures="0" tests="3" name="com.testng.ActionsEx" time="36.154" errors="0" timestamp="2022-12-22T01:22:55 EST" skipped="0">
  <testcase classname="com.testng.ActionsEx" name="actions" time="18.634"/>
  <system-out/>
  <testcase classname="com.testng.ActionsEx" name="actions" time="8.613"/>
  <system-out/>
  <testcase classname="com.testng.ActionsEx" name="actions" time="8.907"/>
  <system-out/>
</testsuite> <!-- com.testng.ActionsEx -->
