<?xml version="1.0" encoding="UTF-8"?>
<!-- Generated by org.testng.reporters.JUnitReportReporter -->
<testsuite hostname="TeamSaam" failures="0" tests="3" name="com.testng.ClickAndHoldEx" time="17.188" errors="0" timestamp="2022-12-22T01:22:55 EST" skipped="0">
  <testcase classname="com.testng.ClickAndHoldEx" name="clickandhold" time="5.676"/>
  <system-out/>
  <testcase classname="com.testng.ClickAndHoldEx" name="clickandhold" time="5.298"/>
  <system-out/>
  <testcase classname="com.testng.ClickAndHoldEx" name="clickandhold" time="6.214"/>
  <system-out/>
</testsuite> <!-- com.testng.ClickAndHoldEx -->
