<?xml version="1.0" encoding="UTF-8"?>
<!-- Generated by org.testng.reporters.JUnitReportReporter -->
<testsuite hostname="TeamSaam" failures="0" tests="3" name="com.testng.DropDownEx" time="48.027" errors="0" timestamp="2022-12-22T01:22:55 EST" skipped="0">
  <testcase classname="com.testng.DropDownEx" name="dropdown" time="15.718"/>
  <system-out/>
  <testcase classname="com.testng.DropDownEx" name="dropdown" time="15.806"/>
  <system-out/>
  <testcase classname="com.testng.DropDownEx" name="dropdown" time="16.503"/>
  <system-out/>
</testsuite> <!-- com.testng.DropDownEx -->
